27153 execve("/usr/bin/lftp", ["/usr/bin/lftp", "-u", "test", "192.168.1.41"], [/* 18 vars */]) = 0
27153 access("/etc/ld.so.nohwcap", F_OK) = -1 ENOENT (No such file or directory)
27153 access("/etc/ld.so.preload", R_OK) = -1 ENOENT (No such file or directory)
27153 open("/etc/ld.so.cache", O_RDONLY|O_CLOEXEC) = 3
27153 access("/etc/ld.so.nohwcap", F_OK) = -1 ENOENT (No such file or directory)
27153 open("/lib/x86_64-linux-gnu/libz.so.1", O_RDONLY|O_CLOEXEC) = 3
27153 access("/etc/ld.so.nohwcap", F_OK) = -1 ENOENT (No such file or directory)
27153 open("/usr/lib/x86_64-linux-gnu/libgnutls.so.26", O_RDONLY|O_CLOEXEC) = 3
27153 access("/etc/ld.so.nohwcap", F_OK) = -1 ENOENT (No such file or directory)
27153 open("/lib/x86_64-linux-gnu/libreadline.so.6", O_RDONLY|O_CLOEXEC) = 3
27153 access("/etc/ld.so.nohwcap", F_OK) = -1 ENOENT (No such file or directory)
27153 open("/lib/x86_64-linux-gnu/libutil.so.1", O_RDONLY|O_CLOEXEC) = 3
27153 access("/etc/ld.so.nohwcap", F_OK) = -1 ENOENT (No such file or directory)
27153 open("/lib/x86_64-linux-gnu/libtinfo.so.5", O_RDONLY|O_CLOEXEC) = 3
27153 access("/etc/ld.so.nohwcap", F_OK) = -1 ENOENT (No such file or directory)
27153 open("/lib/x86_64-linux-gnu/libdl.so.2", O_RDONLY|O_CLOEXEC) = 3
27153 access("/etc/ld.so.nohwcap", F_OK) = -1 ENOENT (No such file or directory)
27153 open("/lib/x86_64-linux-gnu/libgcc_s.so.1", O_RDONLY|O_CLOEXEC) = 3
27153 access("/etc/ld.so.nohwcap", F_OK) = -1 ENOENT (No such file or directory)
27153 open("/lib/x86_64-linux-gnu/libc.so.6", O_RDONLY|O_CLOEXEC) = 3
27153 access("/etc/ld.so.nohwcap", F_OK) = -1 ENOENT (No such file or directory)
27153 open("/lib/x86_64-linux-gnu/libgcrypt.so.11", O_RDONLY|O_CLOEXEC) = 3
27153 access("/etc/ld.so.nohwcap", F_OK) = -1 ENOENT (No such file or directory)
27153 open("/lib/x86_64-linux-gnu/libpthread.so.0", O_RDONLY|O_CLOEXEC) = 3
27153 access("/etc/ld.so.nohwcap", F_OK) = -1 ENOENT (No such file or directory)
27153 open("/usr/lib/x86_64-linux-gnu/libtasn1.so.6", O_RDONLY|O_CLOEXEC) = 3
27153 access("/etc/ld.so.nohwcap", F_OK) = -1 ENOENT (No such file or directory)
27153 open("/usr/lib/x86_64-linux-gnu/libp11-kit.so.0", O_RDONLY|O_CLOEXEC) = 3
27153 access("/etc/ld.so.nohwcap", F_OK) = -1 ENOENT (No such file or directory)
27153 open("/lib/x86_64-linux-gnu/libgpg-error.so.0", O_RDONLY|O_CLOEXEC) = 3
27153 access("/etc/ld.so.nohwcap", F_OK) = -1 ENOENT (No such file or directory)
27153 open("/usr/lib/x86_64-linux-gnu/libffi.so.6", O_RDONLY|O_CLOEXEC) = 3
27153 open("/usr/lib/locale/locale-archive", O_RDONLY|O_CLOEXEC) = 3
27153 open("/usr/lib/x86_64-linux-gnu/gconv/gconv-modules.cache", O_RDONLY) = 3
27153 open("/usr/share/locale/locale.alias", O_RDONLY|O_CLOEXEC) = 3
27153 open("/usr/share/locale/ru/LC_MESSAGES/lftp.mo", O_RDONLY) = -1 ENOENT (No such file or directory)
27153 open("/usr/share/locale-langpack/ru/LC_MESSAGES/lftp.mo", O_RDONLY) = 3
27153 open("/usr/lib/charset.alias", O_RDONLY|O_NOFOLLOW) = -1 ENOENT (No such file or directory)
27153 access("/usr/share/lftp/verify-file", X_OK) = 0
27153 open(".", O_RDONLY|O_DIRECTORY)   = -1 EACCES (Permission denied)
27153 access("/etc/terminfo/x/xterm", R_OK) = -1 ENOENT (No such file or directory)
27153 access("/lib/terminfo/x/xterm", R_OK) = 0
27153 open("/lib/terminfo/x/xterm", O_RDONLY) = 3
27153 access("/etc/lftp.conf", R_OK)    = 0
27153 access("/home/ketrin/.lftprc", R_OK) = -1 ENOENT (No such file or directory)
27153 access("/home/ketrin/.config/lftp/rc", R_OK) = -1 EACCES (Permission denied)
27153 open("/etc/lftp.conf", O_RDONLY|O_NONBLOCK) = -1 EACCES (Permission denied)
27153 open("/usr/share/locale/ru/LC_MESSAGES/libc.mo", O_RDONLY) = -1 ENOENT (No such file or directory)
27153 open("/usr/share/locale-langpack/ru/LC_MESSAGES/libc.mo", O_RDONLY) = 3
27153 open("/home/ketrin/.netrc", O_RDONLY) = -1 ENOENT (No such file or directory)
27155 +++ exited with 0 +++
27153 --- SIGCHLD {si_signo=SIGCHLD, si_code=CLD_EXITED, si_pid=27155, si_status=0, si_utime=0, si_stime=0} ---
27153 open("/home/ketrin/.local/share/lftp/rl_history", O_RDONLY) = -1 EACCES (Permission denied)
27153 open("/etc/inputrc", O_RDONLY)    = -1 EACCES (Permission denied)
27153 --- SIGSEGV {si_signo=SIGSEGV, si_code=SEGV_MAPERR, si_addr=0xa4} ---
27153 +++ killed by SIGSEGV (core dumped) +++
