27153 --- SIGCHLD {si_signo
27153 --- SIGSEGV {si_signo
27155 +++ exited with 0 +++
core dumped) +++
"/etc/inputrc", O_RDONLY)    
"/etc/ld.so.cache", O_RDONLY|O_CLOEXEC) 
"/etc/ld.so.nohwcap", F_OK) 
"/etc/ld.so.preload", R_OK) 
"/etc/lftp.conf", O_RDONLY|O_NONBLOCK) 
"/etc/lftp.conf", R_OK)    
"/etc/terminfo/x/xterm", R_OK) 
"/home/ketrin/.config/lftp/rc", R_OK) 
"/home/ketrin/.lftprc", R_OK) 
"/home/ketrin/.local/share/lftp/rl_history", O_RDONLY) 
"/home/ketrin/.netrc", O_RDONLY) 
"/lib/terminfo/x/xterm", O_RDONLY) 
"/lib/terminfo/x/xterm", R_OK) 
"/lib/x86_64-linux-gnu/libc.so.6", O_RDONLY|O_CLOEXEC) 
"/lib/x86_64-linux-gnu/libdl.so.2", O_RDONLY|O_CLOEXEC) 
"/lib/x86_64-linux-gnu/libgcc_s.so.1", O_RDONLY|O_CLOEXEC) 
"/lib/x86_64-linux-gnu/libgcrypt.so.11", O_RDONLY|O_CLOEXEC) 
"/lib/x86_64-linux-gnu/libgpg-error.so.0", O_RDONLY|O_CLOEXEC) 
"/lib/x86_64-linux-gnu/libpthread.so.0", O_RDONLY|O_CLOEXEC) 
"/lib/x86_64-linux-gnu/libreadline.so.6", O_RDONLY|O_CLOEXEC) 
"/lib/x86_64-linux-gnu/libtinfo.so.5", O_RDONLY|O_CLOEXEC) 
"/lib/x86_64-linux-gnu/libutil.so.1", O_RDONLY|O_CLOEXEC) 
"/lib/x86_64-linux-gnu/libz.so.1", O_RDONLY|O_CLOEXEC) 
".", O_RDONLY|O_DIRECTORY)   
"/usr/bin/lftp", ["/usr/bin/lftp", "-u", "test", "192.168.1.41"], [/* 18 vars */]) 
"/usr/lib/charset.alias", O_RDONLY|O_NOFOLLOW) 
"/usr/lib/locale/locale-archive", O_RDONLY|O_CLOEXEC) 
"/usr/lib/x86_64-linux-gnu/gconv/gconv-modules.cache", O_RDONLY) 
"/usr/lib/x86_64-linux-gnu/libffi.so.6", O_RDONLY|O_CLOEXEC) 
"/usr/lib/x86_64-linux-gnu/libgnutls.so.26", O_RDONLY|O_CLOEXEC) 
"/usr/lib/x86_64-linux-gnu/libp11-kit.so.0", O_RDONLY|O_CLOEXEC) 
"/usr/lib/x86_64-linux-gnu/libtasn1.so.6", O_RDONLY|O_CLOEXEC) 
"/usr/share/lftp/verify-file", X_OK) 
"/usr/share/locale-langpack/ru/LC_MESSAGES/lftp.mo", O_RDONLY) 
"/usr/share/locale-langpack/ru/LC_MESSAGES/libc.mo", O_RDONLY) 
"/usr/share/locale/locale.alias", O_RDONLY|O_CLOEXEC) 
"/usr/share/locale/ru/LC_MESSAGES/lftp.mo", O_RDONLY) 
"/usr/share/locale/ru/LC_MESSAGES/libc.mo", O_RDONLY) 
